<?xml version="1.0" encoding="UTF-8"?>
<testsuite name="fhict.fontys.nl.domain.MinimaxTest" tests="1" skipped="0" failures="0" errors="0" timestamp="2020-11-08T10:51:57" hostname="LAPTOP-I9DSV66L" time="0.082">
  <properties/>
  <testcase name="playAGameWith2Minimax()" classname="fhict.fontys.nl.domain.MinimaxTest" time="0.082"/>
  <system-out><![CDATA[
									Tic Tac Toe Game Board

										 	1	2	3	
										1	O	_	_	
										2	_	_	_	
										3	_	_	_	
No winner at the moment, continue to play!

									Tic Tac Toe Game Board

										 	1	2	3	
										1	O	X	_	
										2	_	_	_	
										3	_	_	_	
No winner at the moment, continue to play!

									Tic Tac Toe Game Board

										 	1	2	3	
										1	O	X	O	
										2	_	_	_	
										3	_	_	_	
No winner at the moment, continue to play!

									Tic Tac Toe Game Board

										 	1	2	3	
										1	O	X	O	
										2	X	_	_	
										3	_	_	_	
No winner at the moment, continue to play!

									Tic Tac Toe Game Board

										 	1	2	3	
										1	O	X	O	
										2	X	O	_	
										3	_	_	_	
No winner at the moment, continue to play!

									Tic Tac Toe Game Board

										 	1	2	3	
										1	O	X	O	
										2	X	O	X	
										3	_	_	_	
No winner at the moment, continue to play!

									Tic Tac Toe Game Board

										 	1	2	3	
										1	O	X	O	
										2	X	O	X	
										3	O	_	_	
The winner is O
]]></system-out>
  <system-err><![CDATA[]]></system-err>
</testsuite>
